[0m12:13:55.523121 [debug] [MainThread]: Sending event: {'category': 'dbt', 'action': 'invocation', 'label': 'start', 'context': [<snowplow_tracker.self_describing_json.SelfDescribingJson object at 0x000001B4DD140910>, <snowplow_tracker.self_describing_json.SelfDescribingJson object at 0x000001B4DD13BD90>, <snowplow_tracker.self_describing_json.SelfDescribingJson object at 0x000001B4DCB96210>]}


============================== 12:13:55.530119 | 14f9f047-7e56-42c8-9e9e-7873bfbaa34e ==============================
[0m12:13:55.530119 [info ] [MainThread]: Running with dbt=1.7.13
[0m12:13:55.532121 [debug] [MainThread]: running dbt with arguments {'printer_width': '80', 'indirect_selection': 'eager', 'write_json': 'True', 'log_cache_events': 'False', 'partial_parse': 'True', 'cache_selected_only': 'False', 'warn_error': 'None', 'version_check': 'True', 'fail_fast': 'False', 'log_path': 'logs', 'debug': 'False', 'profiles_dir': 'C:\\Users\\anshp\\.dbt', 'use_colors': 'True', 'use_experimental_parser': 'False', 'no_print': 'None', 'quiet': 'False', 'log_format': 'default', 'invocation_command': 'dbt init', 'introspect': 'True', 'static_parser': 'True', 'target_path': 'None', 'warn_error_options': 'WarnErrorOptions(include=[], exclude=[])', 'send_anonymous_usage_stats': 'True'}
[0m12:13:55.533122 [warn ] [MainThread]: [ConfigFolderDirectory]: Unable to parse dict {'dir': WindowsPath('C:/Users/anshp/.dbt')}
[0m12:13:55.535132 [info ] [MainThread]: Creating dbt configuration folder at 
[0m12:14:15.520764 [debug] [MainThread]: Starter project path: C:\Users\anshp\.pyenv\pyenv-win\versions\3.11.6\Lib\site-packages\dbt\include\starter_project
[0m12:14:15.604189 [info ] [MainThread]: 
Your new dbt project "custom_postgres" was created!

For more information on how to configure the profiles.yml file,
please consult the dbt documentation here:

  https://docs.getdbt.com/docs/configure-your-profile

One more thing:

Need help? Don't hesitate to reach out to us via GitHub issues or on Slack:

  https://community.getdbt.com/

Happy modeling!

[0m12:14:15.607187 [info ] [MainThread]: Setting up your profile.
[0m12:18:44.285854 [info ] [MainThread]: Profile custom_postgres written to C:\Users\anshp\.dbt\profiles.yml using target's profile_template.yml and your supplied values. Run 'dbt debug' to validate the connection.
[0m12:18:44.287862 [debug] [MainThread]: Command `dbt init` succeeded at 12:18:44.287862 after 288.80 seconds
[0m12:18:44.288860 [debug] [MainThread]: Sending event: {'category': 'dbt', 'action': 'invocation', 'label': 'end', 'context': [<snowplow_tracker.self_describing_json.SelfDescribingJson object at 0x000001B4D65FE590>, <snowplow_tracker.self_describing_json.SelfDescribingJson object at 0x000001B4D65711D0>, <snowplow_tracker.self_describing_json.SelfDescribingJson object at 0x000001B4D65705D0>]}
[0m12:18:44.288860 [debug] [MainThread]: Flushing usage events
